{
  "RSpec": {
    "coverage": {
      "/Users/mianzhiyang/Documents/hw-acceptance-unit-test-cycle/rottenpotatoes/app/helpers/application_helper.rb": [
        1,
        null
      ],
      "/Users/mianzhiyang/Documents/hw-acceptance-unit-test-cycle/rottenpotatoes/app/helpers/movies_helper.rb": [
        1,
        null,
        1,
        2,
        null,
        null
      ],
      "/Users/mianzhiyang/Documents/hw-acceptance-unit-test-cycle/rottenpotatoes/app/controllers/movies_controller.rb": [
        1,
        null,
        1,
        1,
        1,
        null,
        null,
        null,
        1,
        5,
        5,
        null,
        1,
        null,
        1,
        null,
        5,
        5,
        null,
        5,
        24,
        null,
        null,
        5,
        3,
        3,
        3,
        null,
        2,
        null,
        null,
        1,
        null,
        null,
        null,
        1,
        1,
        1,
        1,
        null,
        null,
        1,
        1,
        null,
        null,
        1,
        1,
        1,
        1,
        1,
        null,
        null,
        1,
        1,
        1,
        1,
        1,
        null,
        null,
        1,
        4,
        4,
        1,
        1,
        1,
        1,
        null,
        null,
        null,
        1,
        1,
        2,
        null,
        null
      ],
      "/Users/mianzhiyang/Documents/hw-acceptance-unit-test-cycle/rottenpotatoes/app/controllers/application_controller.rb": [
        1,
        1,
        null
      ],
      "/Users/mianzhiyang/Documents/hw-acceptance-unit-test-cycle/rottenpotatoes/app/models/movie.rb": [
        1,
        1,
        null,
        1,
        6,
        null,
        null,
        null,
        1,
        10,
        10,
        7,
        null,
        null
      ]
    },
    "timestamp": 1490071270
  }
}
